<?xml version="1.0" encoding="UTF-8" ?>
<testsuite tests="8" failures="3" name="testingauto.Tests" time="664.261" errors="0" skipped="0">
  <properties>
    <property name="java.runtime.name" value="Java(TM) SE Runtime Environment"/>
    <property name="sun.boot.library.path" value="C:\Program Files\Java\jdk1.8.0_201\jre\bin"/>
    <property name="java.vm.version" value="25.201-b09"/>
    <property name="java.vm.vendor" value="Oracle Corporation"/>
    <property name="maven.multiModuleProjectDirectory" value="C:\Users\Julia\Dropbox\Carpeta personal\Tecnico\Prácticas\Workspace\git\repo\testingauto"/>
    <property name="java.vendor.url" value="http://java.oracle.com/"/>
    <property name="path.separator" value=";"/>
    <property name="guice.disable.misplaced.annotation.check" value="true"/>
    <property name="java.vm.name" value="Java HotSpot(TM) 64-Bit Server VM"/>
    <property name="file.encoding.pkg" value="sun.io"/>
    <property name="user.script" value=""/>
    <property name="user.country" value="ES"/>
    <property name="sun.java.launcher" value="SUN_STANDARD"/>
    <property name="sun.os.patch.level" value=""/>
    <property name="java.vm.specification.name" value="Java Virtual Machine Specification"/>
    <property name="user.dir" value="C:\Users\Julia\Dropbox\Carpeta personal\Tecnico\Prácticas\Workspace\git\repo\testingauto"/>
    <property name="java.runtime.version" value="1.8.0_201-b09"/>
    <property name="java.awt.graphicsenv" value="sun.awt.Win32GraphicsEnvironment"/>
    <property name="java.endorsed.dirs" value="C:\Program Files\Java\jdk1.8.0_201\jre\lib\endorsed"/>
    <property name="os.arch" value="amd64"/>
    <property name="java.io.tmpdir" value="C:\Users\Julia\AppData\Local\Temp\"/>
    <property name="line.separator" value="
"/>
    <property name="java.vm.specification.vendor" value="Oracle Corporation"/>
    <property name="user.variant" value=""/>
    <property name="os.name" value="Windows 10"/>
    <property name="classworlds.conf" value="C:\Users\Julia\Dropbox\Carpeta personal\Tecnico\Prácticas\Workspace\.metadata\.plugins\org.eclipse.m2e.launching\launches\m2conf180137311024484939.tmp"/>
    <property name="sun.jnu.encoding" value="Cp1252"/>
    <property name="java.library.path" value="C:\Program Files\Java\jdk1.8.0_201\bin;C:\WINDOWS\Sun\Java\bin;C:\WINDOWS\system32;C:\WINDOWS;C:/Program Files/Java/jre1.8.0_201/bin/server;C:/Program Files/Java/jre1.8.0_201/bin;C:/Program Files/Java/jre1.8.0_201/lib/amd64;C:\oraclexe\app\oracle\product\11.2.0\server\bin;;C:\Program Files (x86)\Common Files\Oracle\Java\javapath;C:\Program Files\Common Files\Microsoft Shared\Windows Live;C:\Program Files (x86)\Common Files\Microsoft Shared\Windows Live;C:\Program Files (x86)\Intel\iCLS Client\;C:\Program Files\Intel\iCLS Client\;C:\WINDOWS\system32;C:\WINDOWS;C:\WINDOWS\System32\Wbem;C:\WINDOWS\System32\WindowsPowerShell\v1.0\;C:\Program Files (x86)\Intel\OpenCL SDK\2.0\bin\x86;C:\Program Files (x86)\Intel\OpenCL SDK\2.0\bin\x64;C:\Program Files\Intel\Intel(R) Management Engine Components\DAL;C:\Program Files\Intel\Intel(R) Management Engine Components\IPT;C:\Program Files (x86)\Intel\Intel(R) Management Engine Components\DAL;C:\Program Files (x86)\Intel\Intel(R) Management Engine Components\IPT;C:\Program Files\Common Files\Lenovo;C:\Program Files (x86)\Common Files\Ulead Systems\MPEG;C:\Program Files (x86)\Windows Live\Shared;C:\Program Files (x86)\Symantec\VIP Access Client\;C:\SWTOOLS\ReadyApps;C:\Program Files (x86)\Common Files\Lenovo;C:\Program Files (x86)\IVI Foundation\VISA\WinNT\Bin;C:\WINDOWS\System32\OpenSSH\;C:\Users\Julia\AppData\Local\Microsoft\WindowsApps;;C:\Users\Julia\eclipse\java-2018-12\eclipse;;."/>
    <property name="java.specification.name" value="Java Platform API Specification"/>
    <property name="java.class.version" value="52.0"/>
    <property name="sun.management.compiler" value="HotSpot 64-Bit Tiered Compilers"/>
    <property name="os.version" value="10.0"/>
    <property name="user.home" value="C:\Users\Julia"/>
    <property name="user.timezone" value="Europe/Berlin"/>
    <property name="java.awt.printerjob" value="sun.awt.windows.WPrinterJob"/>
    <property name="java.specification.version" value="1.8"/>
    <property name="file.encoding" value="Cp1252"/>
    <property name="user.name" value="Julia"/>
    <property name="java.class.path" value="C:\Users\Julia\.p2\pool\plugins\org.eclipse.m2e.maven.runtime_1.10.0.20181127-2120\jars\plexus-classworlds-2.5.2.jar"/>
    <property name="java.vm.specification.version" value="1.8"/>
    <property name="sun.arch.data.model" value="64"/>
    <property name="java.home" value="C:\Program Files\Java\jdk1.8.0_201\jre"/>
    <property name="sun.java.command" value="org.codehaus.plexus.classworlds.launcher.Launcher -B clean verify"/>
    <property name="java.specification.vendor" value="Oracle Corporation"/>
    <property name="user.language" value="es"/>
    <property name="awt.toolkit" value="sun.awt.windows.WToolkit"/>
    <property name="java.vm.info" value="mixed mode"/>
    <property name="java.version" value="1.8.0_201"/>
    <property name="java.ext.dirs" value="C:\Program Files\Java\jdk1.8.0_201\jre\lib\ext;C:\WINDOWS\Sun\Java\lib\ext"/>
    <property name="sun.boot.class.path" value="C:\Program Files\Java\jdk1.8.0_201\jre\lib\resources.jar;C:\Program Files\Java\jdk1.8.0_201\jre\lib\rt.jar;C:\Program Files\Java\jdk1.8.0_201\jre\lib\sunrsasign.jar;C:\Program Files\Java\jdk1.8.0_201\jre\lib\jsse.jar;C:\Program Files\Java\jdk1.8.0_201\jre\lib\jce.jar;C:\Program Files\Java\jdk1.8.0_201\jre\lib\charsets.jar;C:\Program Files\Java\jdk1.8.0_201\jre\lib\jfr.jar;C:\Program Files\Java\jdk1.8.0_201\jre\classes"/>
    <property name="java.vendor" value="Oracle Corporation"/>
    <property name="maven.home" value="C:\Users\Julia\Dropbox\Carpeta personal\Tecnico\Prácticas\Workspace\git\repo\testingauto\EMBEDDED"/>
    <property name="file.separator" value="\"/>
    <property name="java.vendor.url.bug" value="http://bugreport.sun.com/bugreport/"/>
    <property name="sun.cpu.endian" value="little"/>
    <property name="sun.io.unicode.encoding" value="UnicodeLittle"/>
    <property name="sun.desktop" value="windows"/>
    <property name="sun.cpu.isalist" value="amd64"/>
  </properties>
  <testcase classname="testingauto.Tests" name="correctLogin" time="23.2"/>
  <testcase classname="testingauto.Tests" name="loginEmptyBoth" time="3.012"/>
  <testcase classname="testingauto.Tests" name="loginEmptyPass" time="2.341"/>
  <testcase classname="testingauto.Tests" name="loginEmptyUser" time="2.164"/>
  <testcase classname="testingauto.Tests" name="register" time="283.284"/>
  <testcase classname="testingauto.Tests" name="registerNoConfirmationPwd" time="195.697">
    <failure message="User with: No confirmation password is properly registered expected [false] but found [true]" type="java.lang.AssertionError">java.lang.AssertionError: User with: No confirmation password is properly registered expected [false] but found [true]
	at org.testng.Assert.fail(Assert.java:96)
	at org.testng.Assert.failNotEquals(Assert.java:776)
	at org.testng.Assert.assertFalse(Assert.java:65)
	at assertpage.AssertPages.assertRegister(AssertPages.java:55)
	at testingauto.Tests.registerNoConfirmationPwd(Tests.java:181)
</failure>
    <system-out>Tests/tearDown/TC Num:null
createSheetContent
Nombre hoja: Hoja1
createSheetContent
Nombre hoja: Result
Data/getData
Data/getData/Num Sheets: 2
Get All sheets
Row and cell iterator
5
1 mercury mercury true Flight Finder 
2 user user false Welcome back to 
3 mercury  false Welcome back to 
4  mercury false Welcome back to 
5   false Welcome back to 
Register
</system-out>
    <system-err>Starting ChromeDriver 2.44.609538 (b655c5a60b0b544917107a59d4153d4bf78e1b90) on port 9481
Only local connections are allowed.
abr 02, 2019 2:42:56 PM org.openqa.selenium.remote.ProtocolHandshake createSession
INFORMACIÓN: Detected dialect: OSS
</system-err>
  </testcase>
  <testcase classname="testingauto.Tests" name="registerNoPwd" time="25.259">
    <failure message="User with: No password is properly registered expected [false] but found [true]" type="java.lang.AssertionError">java.lang.AssertionError: User with: No password is properly registered expected [false] but found [true]
	at org.testng.Assert.fail(Assert.java:96)
	at org.testng.Assert.failNotEquals(Assert.java:776)
	at org.testng.Assert.assertFalse(Assert.java:65)
	at assertpage.AssertPages.assertRegister(AssertPages.java:55)
	at testingauto.Tests.registerNoPwd(Tests.java:164)
</failure>
    <system-out>Creando captura
registerNoConfirmationPwd
Tests/tearDown/TC Num:null
createSheetContent
Nombre hoja: Hoja1
createSheetContent
Nombre hoja: Result
Data/getData
Data/getData/Num Sheets: 2
Get All sheets
Row and cell iterator
5
1 mercury mercury true Flight Finder 
2 user user false Welcome back to 
3 mercury  false Welcome back to 
4  mercury false Welcome back to 
5   false Welcome back to 
Register
</system-out>
    <system-err>Starting ChromeDriver 2.44.609538 (b655c5a60b0b544917107a59d4153d4bf78e1b90) on port 2256
Only local connections are allowed.
abr 02, 2019 2:46:22 PM org.openqa.selenium.remote.ProtocolHandshake createSession
INFORMACIÓN: Detected dialect: OSS
</system-err>
  </testcase>
  <testcase classname="testingauto.Tests" name="registerNoUser" time="129.304">
    <failure message="User with: No username is properly registered expected [false] but found [true]" type="java.lang.AssertionError">java.lang.AssertionError: User with: No username is properly registered expected [false] but found [true]
	at org.testng.Assert.fail(Assert.java:96)
	at org.testng.Assert.failNotEquals(Assert.java:776)
	at org.testng.Assert.assertFalse(Assert.java:65)
	at assertpage.AssertPages.assertRegister(AssertPages.java:55)
	at testingauto.Tests.registerNoUser(Tests.java:145)
</failure>
    <system-out>Creando captura
registerNoPwd
Tests/tearDown/TC Num:null
createSheetContent
Nombre hoja: Hoja1
createSheetContent
Nombre hoja: Result
Data/getData
Data/getData/Num Sheets: 2
Get All sheets
Row and cell iterator
5
1 mercury mercury true Flight Finder 
2 user user false Welcome back to 
3 mercury  false Welcome back to 
4  mercury false Welcome back to 
5   false Welcome back to 
Register
</system-out>
    <system-err>Starting ChromeDriver 2.44.609538 (b655c5a60b0b544917107a59d4153d4bf78e1b90) on port 16055
Only local connections are allowed.
abr 02, 2019 2:47:01 PM org.openqa.selenium.remote.ProtocolHandshake createSession
INFORMACIÓN: Detected dialect: OSS
</system-err>
  </testcase>
</testsuite>