<?xml version="1.0" encoding="UTF-8"?>
<!-- Generated by org.testng.reporters.JUnitReportReporter -->
<testsuite skipped="0" hostname="Lab3" name="testingauto.Tests" tests="2" failures="0" timestamp="04 abr 2019 16:00:13 GMT" time="105.650" errors="0">
  <testcase name="reserveDefaultFlight" time="65.304" classname="testingauto.Tests"/>
  <testcase name="compareTwoFlights" time="40.346" classname="testingauto.Tests"/>
</testsuite> <!-- testingauto.Tests -->
