<?xml version="1.0" encoding="UTF-8"?>
<!-- Generated by org.testng.reporters.JUnitReportReporter -->
<testsuite skipped="0" hostname="Lab3" name="testingauto.Tests" tests="1" failures="0" timestamp="04 abr 2019 14:23:12 GMT" time="108.513" errors="0">
  <testcase name="reserveDefaultFlight" time="108.513" classname="testingauto.Tests"/>
</testsuite> <!-- testingauto.Tests -->
