<?xml version="1.0" encoding="UTF-8"?>
<!-- Generated by org.testng.reporters.JUnitReportReporter -->
<testsuite skipped="0" hostname="Lab3" name="testingauto.Tests" tests="1" failures="0" timestamp="27 mar 2019 14:00:36 GMT" time="91.295" errors="0">
  <testcase name="multipleLogin" time="91.295" classname="testingauto.Tests"/>
</testsuite> <!-- testingauto.Tests -->
