<?xml version="1.0" encoding="UTF-8"?>
<!-- Generated by org.testng.reporters.JUnitReportReporter -->
<testsuite skipped="0" hostname="Lab3" name="testingauto.Tests" tests="2" failures="0" timestamp="28 mar 2019 12:48:25 GMT" time="115.767" errors="0">
  <testcase name="multipleLogin" time="72.955" classname="testingauto.Tests"/>
  <testcase name="correctLogin" time="42.812" classname="testingauto.Tests"/>
</testsuite> <!-- testingauto.Tests -->
