<?xml version="1.0" encoding="UTF-8"?>
<!-- Generated by org.testng.reporters.JUnitReportReporter -->
<testsuite skipped="0" hostname="Lab3" name="testingauto.Tests" tests="1" failures="0" timestamp="26 mar 2019 07:44:16 GMT" time="45.656" errors="0">
  <testcase name="correctLogin" time="45.656" classname="testingauto.Tests"/>
</testsuite> <!-- testingauto.Tests -->
