<?xml version="1.0" encoding="UTF-8"?>
<!-- Generated by org.testng.reporters.JUnitReportReporter -->
<testsuite skipped="0" hostname="Lab3" name="testingauto.Tests" tests="2" failures="0" timestamp="21 mar 2019 11:08:25 GMT" time="68.985" errors="0">
  <testcase name="pruebaDos" time="46.237" classname="testingauto.Tests"/>
  <testcase name="pruebaUno" time="22.748" classname="testingauto.Tests"/>
</testsuite> <!-- testingauto.Tests -->
