<?xml version="1.0" encoding="UTF-8"?>
<!-- Generated by org.testng.reporters.JUnitReportReporter -->
<testsuite skipped="0" hostname="Lab3" name="testingauto.Tests" tests="1" failures="0" timestamp="03 abr 2019 15:17:58 GMT" time="64.883" errors="0">
  <testcase name="reserveDefaultFlight" time="64.883" classname="testingauto.Tests"/>
</testsuite> <!-- testingauto.Tests -->
