<?xml version="1.0" encoding="UTF-8"?>
<!-- Generated by org.testng.reporters.JUnitReportReporter -->
<testsuite skipped="0" hostname="Lab3" name="testingauto.Tests" tests="4" failures="0" timestamp="22 mar 2019 08:52:41 GMT" time="228.684" errors="0">
  <testcase name="pruebaUno" time="19.711" classname="testingauto.Tests"/>
  <testcase name="pruebaDos" time="60.661" classname="testingauto.Tests"/>
  <testcase name="pruebaCantidadDeCampos" time="13.020" classname="testingauto.Tests"/>
  <testcase name="pruebaTres" time="135.292" classname="testingauto.Tests"/>
</testsuite> <!-- testingauto.Tests -->
