<?xml version="1.0" encoding="UTF-8"?>
<!-- Generated by org.testng.reporters.JUnitReportReporter -->
<testsuite skipped="0" hostname="Lab3" name="testingauto.Tests" tests="2" failures="0" timestamp="05 abr 2019 06:18:53 GMT" time="84.500" errors="0">
  <testcase name="compareTwoFlights" time="66.092" classname="testingauto.Tests"/>
  <testcase name="reserveDefaultFlight" time="18.408" classname="testingauto.Tests"/>
</testsuite> <!-- testingauto.Tests -->
