<?xml version="1.0" encoding="UTF-8"?>
<!-- Generated by org.testng.reporters.JUnitReportReporter -->
<testsuite skipped="0" hostname="Lab3" name="testingauto.Tests" tests="1" failures="0" timestamp="28 mar 2019 09:24:27 GMT" time="42.196" errors="0">
  <testcase name="multipleLogin" time="42.196" classname="testingauto.Tests"/>
</testsuite> <!-- testingauto.Tests -->
