<?xml version="1.0" encoding="UTF-8"?>
<!-- Generated by org.testng.reporters.JUnitReportReporter -->
<testsuite skipped="0" hostname="Lab3" name="testingauto.Tests" tests="1" failures="0" timestamp="03 abr 2019 11:48:37 GMT" time="80.913" errors="0">
  <testcase name="reserveDefaultFlight" time="80.913" classname="testingauto.Tests"/>
</testsuite> <!-- testingauto.Tests -->
